0.7613962888717651,1
0.8454936742782593,1
0.7457934617996216,1
0.753439724445343,1
0.639744222164154,1
0.5765813589096069,1
0.6662992238998413,1
0.8556108474731445,1
1.1280437707901,1
0.9760320782661438,1
0.7239295244216919,1
0.6420706510543823,1
0.6025527715682983,1
0.5448431372642517,1
0.6067743301391602,1
0.6129103899002075,1
0.7914782762527466,1
0.5561863780021667,1
0.8571970462799072,1
0.8541357517242432,1
0.68156498670578,1
0.48092541098594666,1
0.4884245991706848,1
0.5383965969085693,1
0.5682181715965271,1
0.7644561529159546,1
0.6906222701072693,1
0.7844141125679016,1
0.5126292705535889,1
0.5350080728530884,1
0.9056777358055115,1
0.8180662393569946,1
0.4451243281364441,1
0.8285322189331055,1
0.4284883141517639,1
0.7296916842460632,1
0.8354775309562683,1
0.6686363816261292,1
0.9201411008834839,1
1.0055564641952515,1
0.7522232532501221,1
0.8085860013961792,1
0.5933594107627869,1
0.6679800748825073,1
0.7072564959526062,1
0.7947103977203369,1
0.5375344157218933,1
0.5478850603103638,1
0.5672798156738281,1
0.516728401184082,1
0.6873807907104492,1
0.7370409965515137,1
0.5599890351295471,1
0.820921778678894,1
0.5268919467926025,1
0.752052366733551,1
0.5890858173370361,1
0.5477522611618042,1
0.5061587691307068,1
0.5256094336509705,1
0.3842020034790039,1
1.318648338317871,1
1.516825556755066,1
0.5857530832290649,1
0.49308133125305176,1
0.8649457097053528,1
1.1043028831481934,1
0.5802997946739197,1
0.5338636636734009,1
0.530150830745697,1
0.8775720596313477,1
0.6626148819923401,1
0.563057005405426,1
0.668928861618042,1
0.3686678409576416,1
0.9782320261001587,1
0.8879615068435669,1
0.5840126872062683,1
0.7367628812789917,1
0.7145031094551086,1
0.4377162456512451,1
0.6526129841804504,1
0.5784991979598999,1
0.4849023222923279,1
0.41940659284591675,1
0.7596299648284912,1
0.6680257320404053,1
0.4584575295448303,1
1.093884825706482,1
0.47724446654319763,1
0.5110685229301453,1
0.35515883564949036,1
0.73178631067276,1
0.5133008360862732,1
0.5450812578201294,1
1.3563072681427002,1
0.770378589630127,1
0.5444717407226563,1
0.5232706069946289,1
0.5425171256065369,1
0.7089849710464478,1
0.4093829393386841,1
1.2969040870666504,1
0.419653981924057,1
1.0583950281143188,1
0.5336096286773682,1
0.9308419227600098,1
1.0653451681137085,1
0.8902256488800049,1
0.7904433012008667,1
0.6396531462669373,1
0.6233325004577637,1
0.8618043661117554,1
0.6665916442871094,1
0.764805257320404,1
0.6212119460105896,1
0.6416966915130615,1
0.693822979927063,1
0.5570098161697388,1
0.7563626766204834,1
0.4803541898727417,1
0.577689528465271,1
0.7266696691513062,1
0.4530034065246582,1
0.5766123533248901,1
0.8392798900604248,1
0.7280598878860474,1
0.7021819353103638,1
0.463265061378479,1
0.5434940457344055,1
0.6855472922325134,1
0.6860775947570801,1
0.8079352378845215,1
0.6252531409263611,1
0.6401405334472656,1
0.7041462659835815,1
0.5329956412315369,1
0.372977614402771,1
0.8440761566162109,1
0.7575876712799072,1
0.5479857921600342,1
0.6637349128723145,1
0.7259467244148254,1
0.5328691005706787,1
0.43592387437820435,1
0.4861680269241333,1
0.6669089198112488,1
0.5392603874206543,1
0.4778698682785034,1
0.5638386011123657,1
0.7704619765281677,1
1.1292145252227783,1
0.5232858657836914,1
0.8721882104873657,1
0.5096784234046936,1
0.6407053470611572,1
1.3808064460754395,1
0.7441373467445374,1
0.6430748701095581,1
0.5263772010803223,1
0.8892594575881958,1
0.3300510048866272,1
0.8097388744354248,1
0.7968120574951172,1
0.4095629155635834,1
0.5908038020133972,1
1.1809543371200562,1
0.6672978401184082,1
0.6317387223243713,1
0.7815570831298828,1
0.5800846815109253,1
0.5222998857498169,1
0.6161072254180908,1
0.6244118809700012,1
0.7253304719924927,1
0.6408776044845581,1
0.6147561073303223,1
0.6535085439682007,1
0.5177769660949707,1
0.7072093486785889,1
0.7831970453262329,1
0.8911920189857483,1
0.764240026473999,1
0.6057795882225037,1
0.6080316305160522,1
0.6134921312332153,1
0.6138842105865479,1
0.6217943429946899,1
0.7386959791183472,1
0.724682092666626,1
0.6456798315048218,1
0.7970648407936096,1
0.6139297485351563,1
0.6028760671615601,1
0.7332909107208252,1
0.5356738567352295,1
0.6043694615364075,1
0.7335696220397949,1
0.5561913847923279,1
0.8181856274604797,1
0.7256441712379456,1
0.3640480637550354,1
0.22934749722480774,1
0.5233662724494934,1
0.7059386372566223,1
0.4852764308452606,1
1.0782008171081543,1
0.29911622405052185,1
1.0370149612426758,1
0.5233812928199768,1
0.5440682172775269,1
0.4361366629600525,1
0.5558083057403564,1
0.5113837718963623,1
0.4744075834751129,1
0.39546632766723633,1
0.6978267431259155,1
0.3977997601032257,1
0.5706393122673035,1
0.49700620770454407,1
0.838427722454071,1
0.4974818825721741,1
0.3354482352733612,1
0.47040683031082153,1
0.5003967881202698,1
0.5293784141540527,1
0.4724057614803314,1
0.26585525274276733,1
0.4612736701965332,1
0.4293556809425354,1
0.2823999524116516,1
0.360291451215744,1
0.5672321319580078,1
0.3685262203216553,1
0.3789278268814087,1
0.608059823513031,1
0.18494626879692078,1
0.16271734237670898,1
0.5555707216262817,1
0.29355257749557495,1
0.341042697429657,1
0.09900075197219849,1
0.06345023214817047,1
0.7582194209098816,1
0.31876417994499207,1
1.947415828704834,1
1.1604385375976563,1
0.5606985092163086,1
1.9599857330322266,1
1.1637705564498901,1
0.36553579568862915,1
0.46380484104156494,1
0.2269781231880188,1
0.38968491554260254,1
0.65574049949646,1
0.6404189467430115,1
0.4602486491203308,1
0.3573933243751526,1
0.7074023485183716,1
0.488065242767334,1
0.43344277143478394,1
0.32419687509536743,1
0.31624552607536316,1
0.24284476041793823,1
0.33916136622428894,1
1.315091848373413,1
0.9329226016998291,1
0.8642213940620422,1
0.3639523684978485,1
0.2633296251296997,1
0.9250460863113403,1
0.806751012802124,1
0.6681650280952454,1
0.949954092502594,1
0.5170839428901672,1
0.8464818000793457,1
0.3121310770511627,1
0.3990083336830139,1
0.521356463432312,1
1.1429898738861084,1
0.5618335008621216,1
0.7279763221740723,1
1.06883704662323,1
0.7756695747375488,1
0.5753898620605469,1
0.5060043334960938,1
0.4391626715660095,1
0.5652210712432861,1
0.708404541015625,1
0.6289485096931458,1
0.4878818988800049,1
0.7506810426712036,1
0.8741032481193542,1
0.5335466265678406,1
0.5437135696411133,1
0.7744825482368469,1
0.5011564493179321,1
0.4542383849620819,1
1.0482622385025024,1
0.635829746723175,1
0.5394412875175476,1
0.5902162194252014,1
0.6000016927719116,1
0.6057299375534058,1
0.6384369134902954,1
0.6148914098739624,1
0.6385604739189148,1
0.5096914768218994,1
0.6971051692962646,1
0.7900943756103516,1
0.7022486329078674,1
0.9210339188575745,1
0.5639664530754089,1
0.5451445579528809,1
0.6865982413291931,1
0.44786009192466736,1
0.5188889503479004,1
0.6035662293434143,1
0.6051034927368164,1
0.5717372894287109,1
0.5177035331726074,1
0.6063410639762878,1
0.5401377081871033,1
0.32408782839775085,1
0.5636030435562134,1
0.9218776226043701,1
0.3116205334663391,1
0.5914767384529114,1
0.5168280601501465,1
0.4923363924026489,1
0.2500607371330261,1
0.3664134442806244,1
1.0479978322982788,1
0.4388469457626343,1
0.7732690572738647,1
0.39748042821884155,1
0.42187565565109253,1
0.6658948063850403,1
0.29963865876197815,1
0.1980888545513153,1
0.5274580717086792,1
0.535494863986969,1
0.5501120090484619,1
0.3120587468147278,1
0.39722198247909546,1
0.28961941599845886,1
0.26066383719444275,1
0.4342462718486786,1
1.2730894088745117,1
0.3002487123012543,1
0.5966300964355469,1
0.7754811644554138,1
0.20807042717933655,1
0.3796643614768982,1
0.860844075679779,1
0.30823034048080444,1
0.32168611884117126,1
0.8341811299324036,1
0.6157950162887573,1
0.22577640414237976,1
0.6365140676498413,1
0.6353464126586914,1
0.5442192554473877,1
0.2640209197998047,1
0.4415421485900879,1
0.17058689892292023,1
0.4243406057357788,1
0.1468733698129654,1
0.6261579394340515,1
0.2651301920413971,1
0.1295914500951767,1
0.27197104692459106,1
0.142691507935524,1
0.2304433286190033,1
1.1606743335723877,1
0.222017303109169,1
0.24377432465553284,1
0.5530499219894409,1
0.31022992730140686,1
0.3137110471725464,1
0.6770483255386353,1
1.4228733777999878,1
1.3024928569793701,1
0.6743180155754089,1
0.3247559070587158,1
0.704376220703125,1
0.3922981023788452,1
0.36687174439430237,1
0.4090020954608917,1
0.5687793493270874,1
0.34840667247772217,1
0.6478175520896912,1
0.21703772246837616,1
0.42279356718063354,1
0.2585199177265167,1
0.43363648653030396,1
0.3712846040725708,1
0.2514273524284363,1
0.45450228452682495,1
0.6763914823532104,1
0.4468699097633362,1
0.52280193567276,1
0.37944623827934265,1
0.1877763569355011,1
0.25550127029418945,1
0.5896146893501282,1
0.38022327423095703,1
0.20323991775512695,1
0.5074872374534607,1
0.21274319291114807,1
1.0978840589523315,1
0.1924792379140854,1
0.6136512756347656,1
0.3796665370464325,1
0.6485803723335266,1
0.9433237910270691,1
0.3097115457057953,1
0.29720473289489746,1
0.3939603865146637,1
1.7292743921279907,1
0.3166872262954712,1
0.5013828277587891,1
0.2263922095298767,1
0.5521760582923889,1
0.698477029800415,1
0.45799702405929565,1
0.5714560151100159,1
0.8569731116294861,1
0.26900002360343933,1
0.25434184074401855,1
1.066455602645874,1
0.3969102203845978,1
0.4064329266548157,1
0.3246579170227051,1
0.810286283493042,1
0.4262116551399231,1
0.6001707911491394,1
0.6022440195083618,1
0.3948752284049988,1
0.08070041984319687,1
0.3999670147895813,1
0.7057633399963379,1
0.23134516179561615,1
0.6735222935676575,1
0.3473270833492279,1
0.667925238609314,1
0.4443082809448242,1
0.5780743360519409,1
0.32053500413894653,1
0.755062460899353,1
0.23369461297988892,1
0.26947665214538574,1
0.3301510810852051,1
0.2883814871311188,1
0.41576921939849854,1
0.2632322311401367,1
0.6366403102874756,1
0.34297800064086914,1
0.5843283534049988,1
0.34468016028404236,1
0.5134643316268921,1
0.14604699611663818,1
1.0599491596221924,1
0.36090314388275146,1
0.22017094492912292,1
0.6829996705055237,1
0.36130425333976746,1
0.6402530670166016,1
1.0918337106704712,1
0.15674875676631927,1
0.1101858913898468,1
0.8522329330444336,1
0.17704550921916962,1
0.69447922706604,1
0.07983464002609253,1
1.7384942770004272,1
0.2687736749649048,1
0.8921420574188232,1
0.43369659781455994,1
0.4684760272502899,1
0.614722728729248,1
0.6484309434890747,1
0.7076324224472046,1
0.1333986222743988,1
0.22850503027439117,1
0.18383358418941498,1
0.559149444103241,1
0.4334007501602173,1
0.5217883586883545,1
0.5735925436019897,1
0.4486801028251648,1
0.5379859209060669,1
0.36660999059677124,1
0.20788493752479553,1
0.30424201488494873,1
0.6819283366203308,1
0.42150914669036865,1
0.1999589204788208,1
0.5980793237686157,1
0.7054952383041382,1
0.7878351211547852,1
0.09811826050281525,1
0.5309778451919556,1
0.705926775932312,1
0.26066792011260986,1
0.7667559385299683,1
0.44696223735809326,1
0.7165279388427734,1
0.47651538252830505,1
0.345802903175354,1
0.40966320037841797,1
0.20643675327301025,1
0.6349336504936218,1
0.4381482005119324,1
0.4615239202976227,1
0.4089030921459198,1
0.6409572958946228,1
0.1474299430847168,1
0.49793869256973267,1
0.5279352068901062,1
0.3944360315799713,1
0.17225590348243713,1
0.44135525822639465,1
0.6613574624061584,1
0.24552758038043976,1
0.37727105617523193,1
0.16421492397785187,1
0.18669795989990234,1
0.22472169995307922,1
0.3660004734992981,1
0.7037110328674316,1
0.4492110013961792,1
0.16822654008865356,1
0.5363258123397827,1
0.403158962726593,1
0.3970237970352173,1
1.149154782295227,1
0.22809149324893951,1
0.38909396529197693,1
0.22171829640865326,1
0.27758991718292236,1
0.15645763278007507,1
0.5287424325942993,1
0.300422340631485,1
0.3462550640106201,1
0.32454732060432434,1
0.2506488263607025,1
0.6508324146270752,1
0.7472714185714722,1
0.6498720645904541,1
0.20876194536685944,1
0.5036361813545227,1
0.10379021614789963,1
0.10724657773971558,1
0.41115471720695496,1
1.1389087438583374,1
0.275363028049469,1
0.43218159675598145,1
0.4122278094291687,1
0.06084608659148216,1
0.8137602210044861,1
0.6083095669746399,1
1.3066132068634033,1
0.1267036497592926,1
0.15880443155765533,1
1.6161930561065674,1
0.2248624712228775,1
0.43038004636764526,1
1.31656014919281,1
0.24034982919692993,1
0.5371207594871521,1
0.7361226081848145,1
0.5735856890678406,1
0.3199389576911926,1
0.5372889041900635,1
0.4163174629211426,1
0.47568488121032715,1
0.8702281713485718,1
0.519516110420227,1
0.62644362449646,1
0.30202949047088623,1
0.784643828868866,1
0.6483503580093384,1
0.6021373271942139,1
0.6330999135971069,1
0.5244941711425781,1
0.5954171419143677,1
0.6479674577713013,1
0.5046436190605164,1
0.6595932245254517,1
0.6258823871612549,1
0.3377925157546997,1
0.378360390663147,1
0.443134605884552,1
0.41430824995040894,1
1.0754321813583374,1
0.7369867563247681,1
0.518551230430603,1
0.6911739110946655,1
0.519106388092041,1
0.6464771628379822,1
0.25330817699432373,1
0.38737693428993225,1
0.4290747344493866,1
0.4495750367641449,1
0.3116270899772644,1
0.3851035535335541,1
0.3066156506538391,1
0.347304105758667,1
0.21143001317977905,1
0.36606544256210327,1
0.40041062235832214,1
0.2658352255821228,1
0.23033730685710907,1
0.477843701839447,1
1.3146556615829468,1
0.3434560298919678,1
0.18116021156311035,1
0.9325596690177917,1
0.28375011682510376,1
0.5389920473098755,1
0.1930125504732132,1
0.8452885150909424,1
0.5663408637046814,1
0.18890944123268127,1
0.18962879478931427,1
0.30184194445610046,1
0.8563172817230225,1
0.31959253549575806,1
0.17228291928768158,1
0.5530921220779419,1
0.6829066276550293,1
0.18131215870380402,1
0.4344128370285034,1
0.12454743683338165,1
0.5184311866760254,1
0.5068755745887756,1
0.2573058605194092,1
0.3322831690311432,1
0.2769334316253662,1
0.312957227230072,1
0.8970513343811035,1
0.4968941807746887,1
0.2312081754207611,1
0.36629995703697205,1
0.15637286007404327,1
0.2533329129219055,1
0.305585652589798,1
0.7084906101226807,1
0.3982603847980499,1
0.6007791757583618,1
0.5576732754707336,1
0.5154443383216858,1
0.07189793884754181,1
0.17308765649795532,1
0.6332755088806152,1
0.3081809878349304,1
0.30488473176956177,1
0.19008849561214447,1
0.34611886739730835,1
0.18138915300369263,1
0.12851308286190033,1
2.2288126945495605,1
0.6999318599700928,1
0.64013671875,1
0.06991113722324371,1
0.2966111898422241,1
0.11506762355566025,1
0.5186122059822083,1
0.15262582898139954,1
0.7554861307144165,1
0.07966674864292145,1
0.1714160442352295,1
0.18510407209396362,1
0.08973115682601929,1
1.4859395027160645,1
0.25834140181541443,1
0.5367941856384277,1
0.40988385677337646,1
0.7042104005813599,1
0.3064664602279663,1
0.21134698390960693,1
0.07816098630428314,1
0.23104660212993622,1
0.27520498633384705,1
0.19986040890216827,1
0.19021941721439362,1
1.0192558765411377,1
0.15117406845092773,1
0.3834409713745117,1
1.0760376453399658,1
0.3812151253223419,1
0.15230818092823029,1
0.08061594516038895,1
1.4677021503448486,1
0.16916096210479736,1
0.7744160294532776,1
0.3581239581108093,1
0.3498622477054596,1
0.2784655690193176,1
0.7218010425567627,1
0.4857182502746582,1
0.9379566311836243,1
0.4965873658657074,1
0.49803832173347473,1
0.20242202281951904,1
0.5477680563926697,1
0.2370806485414505,1
0.31895625591278076,1
0.37985894083976746,1
0.5234825611114502,1
0.484095960855484,1
0.5092157125473022,1
0.2232125997543335,1
0.22402969002723694,1
0.6269985437393188,1
1.0899081230163574,1
0.6874688267707825,1
1.9157763719558716,1
0.42288196086883545,1
0.23187211155891418,1
0.366624653339386,1
0.28065019845962524,1
0.2660280168056488,1
0.2804808020591736,1
0.31682127714157104,1
0.19434446096420288,1
0.4911831319332123,1
0.27382588386535645,1
0.13703280687332153,1
0.6781042814254761,1
0.21170777082443237,1
0.1488010585308075,1
0.218743234872818,1
0.8464315533638,1
0.37696337699890137,1
0.07285385578870773,1
0.17521992325782776,1
0.06620708853006363,1
0.06068816035985947,1
0.18899157643318176,1
1.715158224105835,1
0.9002262353897095,1
0.3024563491344452,1
0.13842113316059113,1
0.16212546825408936,1
0.20824730396270752,1
0.15670150518417358,1
0.5203951597213745,1
0.12118827551603317,1
0.329994261264801,1
1.7868225574493408,1
0.49362942576408386,1
0.2219039499759674,1
0.21840457618236542,1
0.056249938905239105,1
0.08601128309965134,1
0.13010619580745697,1
0.43208444118499756,1
0.10935419797897339,1
0.42578011751174927,1
0.20123916864395142,1
0.23291724920272827,1
0.2478252798318863,1
1.1608376502990723,1
0.05523884296417236,1
0.21401531994342804,1
0.14683358371257782,1
0.09597937017679214,1
0.08264416456222534,1
0.05267568305134773,1
1.0351567268371582,1
0.15491420030593872,1
0.6291161179542542,1
0.35430604219436646,1
0.25536730885505676,1
0.6197529435157776,1
0.08665672689676285,1
0.3320925235748291,1
0.09065194427967072,1
0.1596590131521225,1
0.1289527863264084,1
0.1405898481607437,1
0.5241576433181763,1
0.13931326568126678,1
0.25350528955459595,1
0.21009206771850586,1
0.13536861538887024,1
0.0936899483203888,1
1.058451771736145,1
0.18782509863376617,1
0.06891047954559326,1
0.23913954198360443,1
0.24142658710479736,1
0.4129071831703186,1
0.16194386780261993,1
0.33079826831817627,1
0.06088787317276001,1
0.30190202593803406,1
0.031622596085071564,1
0.05219313129782677,1
0.33202600479125977,1
0.5270166993141174,1
0.09744356572628021,1
0.10211025923490524,1
0.687030553817749,1
0.6910070776939392,1
0.6000335216522217,1
1.496780514717102,1
0.06461448222398758,1
0.026434671133756638,1
0.035737402737140656,1
0.2220582664012909,1
0.6023297905921936,1
0.17526376247406006,1
0.7747793197631836,1
0.40567970275878906,1
0.5833458304405212,1
0.7070257067680359,1
1.740959882736206,1
0.49812719225883484,1
0.22055979073047638,1
0.36836913228034973,1
1.3340916633605957,1
0.13524532318115234,1
0.16055557131767273,1
0.5644643902778625,1
0.26963090896606445,1
0.278778612613678,1
0.4817402958869934,1
0.33999770879745483,1
0.36880987882614136,1
0.27633237838745117,1
0.0662149041891098,1
0.34193459153175354,1
0.1282343566417694,1
0.4056694805622101,1
0.7400151491165161,1
0.3071994483470917,1
0.2368536740541458,1
0.22552581131458282,1
0.128634512424469,1
0.39545634388923645,1
0.3129241168498993,1
0.14834383130073547,1
1.088374137878418,1
0.09066769480705261,1
0.2232877016067505,1
0.10279183834791183,1
0.1609385460615158,1
0.22907617688179016,1
0.1679944097995758,1
0.20497336983680725,1
0.09066814929246902,1
0.1409274786710739,1
0.1075667291879654,1
0.85189288854599,1
0.6647987365722656,1
0.5552942156791687,1
1.2834582328796387,1
0.08307907730340958,1
0.06095614284276962,1
0.6927977204322815,1
0.33674049377441406,1
0.08702836185693741,1
0.5113871693611145,1
0.7371160984039307,1
0.5248722434043884,1
0.9950408935546875,1
0.1026758998632431,1
0.33410441875457764,1
0.3260997235774994,1
0.3408771753311157,1
0.2337362915277481,1
0.18277527391910553,1
0.38853058218955994,1
0.7762108445167542,1
0.5639553666114807,1
0.09719216078519821,1
0.2886328101158142,1
0.2356557846069336,1
0.30449673533439636,1
0.2267187237739563,1
0.4172448217868805,1
0.2130536437034607,1
0.13274705410003662,1
0.7789345383644104,1
0.256288081407547,1
0.12837371230125427,1
0.13258972764015198,1
0.33589795231819153,1
0.26128771901130676,1
0.6273196935653687,1
0.14587876200675964,1
0.1768483817577362,1
0.17962034046649933,1
0.21384362876415253,1
0.6347498893737793,1
0.16964715719223022,1
0.1488846242427826,1
0.12369059026241302,1
0.1645287722349167,1
0.3879375457763672,1
0.6491815447807312,1
0.09548547863960266,1
0.10960359871387482,1
0.5522924661636353,1
0.15189708769321442,1
0.15388500690460205,1
0.18753455579280853,1
0.8612334728240967,1
0.6795915961265564,1
0.1768106371164322,1
0.9993942379951477,1
0.3144589364528656,1
0.18407875299453735,1
0.03952772542834282,1
0.9225151538848877,1
0.05803085118532181,1
0.16286543011665344,1
0.11161302030086517,1
0.309030681848526,1
0.16240283846855164,1
0.3424806594848633,1
0.07507075369358063,1
0.053311023861169815,1
0.29616469144821167,1
0.24202923476696014,1
0.0731135830283165,1
0.14231139421463013,1
0.19003400206565857,1
0.4947125017642975,1
0.06213030591607094,1
1.4886486530303955,1
0.07312452793121338,1
0.12026141583919525,1
0.18838204443454742,1
0.9709877967834473,1
0.4744100868701935,1
0.04293898493051529,1
0.18137596547603607,1
0.21767108142375946,1
0.7118057012557983,1
0.11307497322559357,1
0.5690638422966003,1
0.2566128373146057,1
0.450562447309494,1
0.13690897822380066,1
0.6993932723999023,1
0.7922930717468262,1
0.1899750679731369,1
0.6639652848243713,1
0.17401182651519775,1
0.24766725301742554,1
0.15445522964000702,1
0.19335505366325378,1
0.20712991058826447,1
0.7469498515129089,1
1.3566653728485107,1
0.2168932557106018,1
0.7976759672164917,1
0.14141443371772766,1
0.19435164332389832,1
0.2859013080596924,1
0.07834784686565399,1
0.18236340582370758,1
0.17818211019039154,1
0.11699990928173065,1
0.3506985306739807,1
0.036125730723142624,1
0.2098165899515152,1
0.20380379259586334,1
0.48959383368492126,1
0.03076680563390255,1
0.19362950325012207,1
0.0897420197725296,1
0.059410419315099716,1
0.14959055185317993,1
0.029400289058685303,1
0.029154229909181595,1
0.08988551795482635,1
1.7981096506118774,1
0.1661137044429779,1
0.07768023759126663,1
0.07704003155231476,1
0.09539338201284409,1
1.4303609132766724,1
0.0792057067155838,1
0.4378032386302948,1
0.14351436495780945,1
0.1440003216266632,1
0.21478313207626343,1
0.08757195621728897,1
0.08935023844242096,1
0.06277517974376678,1
0.14212870597839355,1
0.11359959840774536,1
0.06373941153287888,1
0.15271304547786713,1
0.7665191888809204,1
0.054244931787252426,1
0.13676811754703522,1
0.6723711490631104,1
0.013075696304440498,1
0.04662564396858215,1
0.05638393014669418,1
0.02925829030573368,1
1.4283332824707031,1
0.05403043329715729,1
0.06031780689954758,1
0.37917831540107727,1
0.05596134811639786,1
0.07328648865222931,1
0.08656124770641327,1
0.6865156888961792,1
0.5961217880249023,1
0.10008754581212997,1
0.10535134375095367,1
0.5542669892311096,1
0.12386661022901535,1
0.7071509957313538,1
0.46122148633003235,1
0.12154436111450195,1
0.16324545443058014,1
0.3561238646507263,1
0.03587411716580391,1
0.2937651574611664,1
0.1851915419101715,1
0.12869128584861755,1
0.14687949419021606,1
1.3712345361709595,1
0.08191023766994476,1
0.12555325031280518,1
0.7986329793930054,1
0.07100871950387955,1
0.3501139283180237,1
0.015434859320521355,1
0.3676632046699524,1
0.1431206315755844,1
1.1450668573379517,1
0.48514413833618164,1
0.053387392312288284,1
0.12538699805736542,1
1.0393316745758057,1
0.6968894600868225,1
0.1623726487159729,1
0.07753872871398926,1
1.0869557857513428,1
0.449006587266922,1
0.12154093384742737,1
0.42313826084136963,1
0.33186960220336914,1
0.13837257027626038,1
0.3575432598590851,1
0.357758104801178,1
0.1346486657857895,1
0.44844233989715576,1
0.26647916436195374,1
0.6238865852355957,1
0.16916215419769287,1
1.2643414735794067,1
0.2643642723560333,1
0.4409273564815521,1
0.27131056785583496,1
0.3526306748390198,1
1.6813870668411255,1
0.18653227388858795,1
0.5572738647460938,1
0.17435403168201447,1
0.2685638964176178,1
0.21434666216373444,1
0.37752488255500793,1
0.2412165254354477,1
0.16793695092201233,1
0.24341177940368652,1
0.2168307602405548,1
0.15749171376228333,1
0.6520151495933533,1
0.4269587993621826,1
0.2121807187795639,1
0.09527818858623505,1
0.11716216802597046,1
0.6006690263748169,1
0.11922800540924072,1
0.3466859459877014,1
0.4042817950248718,1
0.15644820034503937,1
0.09967228025197983,1
0.14172698557376862,1
0.09568026661872864,1
0.2860313057899475,1
0.1920941025018692,1
0.3513190448284149,1
0.1790257692337036,1
0.050769202411174774,1
0.05547982081770897,1
0.05794759839773178,1
0.05586270987987518,1
0.4886314272880554,1
0.20145604014396667,1
1.206541895866394,1
0.4347057044506073,1
0.8034271597862244,1
0.2465885579586029,1
1.3188416957855225,1
0.23736080527305603,1
0.07240243256092072,1
0.7456373572349548,1
0.06931716948747635,1
0.274549275636673,1
0.16950464248657227,1
0.011089162901043892,1
0.1565428376197815,1
0.654295802116394,1
0.4812811017036438,1
0.026746921241283417,1
0.3462024927139282,1
0.1639881432056427,1
0.0848502442240715,1
0.026891067624092102,1
0.20925796031951904,1
0.037575237452983856,1
0.7788726091384888,1
0.43086695671081543,1
1.021199107170105,1
0.5470446348190308,1
0.17787638306617737,1
0.0679686889052391,1
0.11855320632457733,1
0.3541169762611389,1
0.07029866427183151,1
0.09215715527534485,1
0.2124035805463791,1
0.3598875403404236,1
0.38465163111686707,1
0.19424115121364594,1
0.2937198877334595,1
0.07127229869365692,1
0.2088298201560974,1
0.14850008487701416,1
0.5651102066040039,1
1.0100948810577393,1
0.07558160275220871,1
0.3077546954154968,1
0.34512266516685486,1
0.0569874569773674,1
0.20968562364578247,1
0.157640740275383,1
0.06892480701208115,1
0.4411460757255554,1
0.16523946821689606,1
0.7809920907020569,1
0.3276488780975342,1
0.41678670048713684,1
0.21686935424804688,1
0.03371938690543175,1
0.10519970953464508,1
0.8494061231613159,1
1.0402312278747559,1
0.1986079066991806,1
0.046539247035980225,1
0.1640321910381317,1
0.043514132499694824,1
0.3142600953578949,1
0.0688665509223938,1
0.3033871650695801,1
0.13900960981845856,1
0.44180020689964294,1
0.621661901473999,1
0.1549418568611145,1
0.18438027799129486,1
0.18191862106323242,1
0.3073434829711914,1
0.3195408582687378,1
0.26076486706733704,1
0.5911192297935486,1
0.6602202653884888,1
0.12192090600728989,1
0.13193413615226746,1
0.5284940600395203,1
0.15865784883499146,1
0.3385273218154907,1
0.29344475269317627,1
0.2607375979423523,1
0.04043244197964668,1
1.5272167921066284,1
0.3087264597415924,1
0.2755921185016632,1
0.11417670547962189,1
0.1809992492198944,1
1.0257353782653809,1
0.5199130773544312,1
0.7138269543647766,1
0.4460548162460327,1
0.26319420337677,1
0.181381955742836,1
0.1876285970211029,1
0.07909345626831055,1
0.33702409267425537,1
0.082707978785038,1
0.39035332202911377,1
0.33551353216171265,1
0.2299828678369522,1
0.20163670182228088,1
0.053610660135746,1
0.5309821367263794,1
0.11487439274787903,1
0.22601862251758575,1
0.3265588879585266,1
0.136339008808136,1
0.31444892287254333,1
0.2100180983543396,1
0.32486799359321594,1
0.6042582988739014,1
0.28690049052238464,1
0.030443133786320686,1
0.3709038496017456,1
0.732042670249939,1
0.12403561174869537,1
0.21071764826774597,1
0.04306681081652641,1
0.1939615160226822,1
0.011178764514625072,1
0.13631489872932434,1
0.5261362791061401,1
0.16919183731079102,1
0.02513490617275238,1
0.42487630248069763,1
1.462883710861206,1
2.4121882915496826,1
0.135932058095932,1
0.17303380370140076,1
0.08034558594226837,1
0.03620161488652229,1
0.5215698480606079,1
0.1449449062347412,1
0.2744578719139099,1
0.28516948223114014,1
0.2450942099094391,1
0.18224593997001648,1
0.08836176991462708,1
0.0928371399641037,1
0.1548032909631729,1
0.2153211534023285,1
0.0861022025346756,1
0.4417455196380615,1
1.6730237007141113,1
0.43094155192375183,1
0.29679644107818604,1
0.06422379612922668,1
0.15480442345142365,1
0.12056560814380646,1
0.09625288844108582,1
0.23293939232826233,1
0.13414257764816284,1
0.2633551061153412,1
0.18354375660419464,1
0.5702903866767883,1
0.1070059984922409,1
0.17023922502994537,1
0.1194462925195694,1
0.23437710106372833,1
0.07290530949831009,1
0.38638654351234436,1
0.1272062361240387,1
0.08302472531795502,1
0.7552307844161987,1
0.09649748355150223,1
0.5608140826225281,1
0.22276389598846436,1
0.22894951701164246,1
0.0592629611492157,1
0.2388337105512619,1
0.6592386364936829,1
0.18863925337791443,1
0.28504157066345215,1
0.10896189510822296,1
0.49352094531059265,1
0.21747653186321259,1
0.18175894021987915,1
0.18162801861763,1
0.334362655878067,1
0.10577314347028732,1
0.23442286252975464,1
0.3116737902164459,1
0.17766176164150238,1
0.28847774863243103,1
0.37598031759262085,1
0.10041685402393341,1
1.2592655420303345,1
0.2699892222881317,1
0.3140840232372284,1
0.1089109554886818,1
0.07660984992980957,1
0.35297197103500366,1
0.9532262086868286,1
0.18006980419158936,1
0.023703332990407944,1
0.1409415602684021,1
0.16700340807437897,1
0.3244642913341522,1
0.11082736402750015,1
0.3900359272956848,1
1.0282472372055054,1
0.1489240974187851,1
0.5519100427627563,1
0.11931223422288895,1
0.44489535689353943,1
0.22703886032104492,1
0.12219541519880295,1
0.22522233426570892,1
0.0999627411365509,1
0.13954533636569977,1
0.9903448224067688,1
0.025666847825050354,1
0.2194470465183258,1
0.09793125092983246,1
0.338147908449173,1
0.5745440721511841,1
0.11898306012153625,1
0.06233597174286842,1
0.1694709062576294,1
0.10854917764663696,1
0.31288424134254456,1
0.24842599034309387,1
1.1616922616958618,1
0.09118789434432983,1
1.1291872262954712,1
0.11442749202251434,1
0.19849058985710144,1
0.20454822480678558,1
0.20680536329746246,1
0.21968957781791687,1
0.10266508907079697,1
0.015636039897799492,1
0.6848306655883789,1
0.03292984142899513,1
0.2952466905117035,1
0.22906431555747986,1
0.09373697638511658,1
0.08915315568447113,1
0.18156853318214417,1
0.14975906908512115,1
0.25460928678512573,1
0.5083394050598145,1
0.07842746376991272,1
0.13510335981845856,1
0.052904658019542694,1
0.42400261759757996,1
0.032936450093984604,1
0.2966998219490051,1
0.02076016739010811,1
0.19900965690612793,1
0.4892919063568115,1
0.12073202431201935,1
0.07607212662696838,1
1.0174007415771484,1
0.20436985790729523,1
1.5025584697723389,1
0.23055768013000488,1
0.2432197630405426,1
0.22435639798641205,1
0.6144872307777405,1
0.1906416416168213,1
0.204259991645813,1
1.980186939239502,1
0.136367067694664,1
1.0332958698272705,1
0.6016735434532166,1
0.06645850837230682,1
0.15453845262527466,1
0.04268324375152588,1
0.038576994091272354,1
1.4244128465652466,1
0.02554423362016678,1
0.40235579013824463,1
0.3873702585697174,1
0.06930450350046158,1
0.7408252954483032,1
0.17786920070648193,1
1.401320219039917,1
0.30729398131370544,1
0.32076579332351685,1
0.1554184854030609,1
0.05189858004450798,1
0.12314668297767639,1
0.2454485148191452,1
0.23003248870372772,1
0.20258289575576782,1
0.4520624577999115,1
0.5104281306266785,1
0.1867447942495346,1
0.19903302192687988,1
0.24423235654830933,1
0.17838723957538605,1
0.3144986629486084,1
0.1173236146569252,1
0.18246015906333923,1
0.5007174015045166,1
0.20582814514636993,1
0.24119402468204498,1
0.15724392235279083,1
0.04399432986974716,1
0.15004503726959229,1
0.1773991882801056,1
1.4274063110351563,1
0.5933240056037903,1
0.13219504058361053,1
0.1570051908493042,1
0.1043519526720047,1
0.116245798766613,1
0.119781494140625,1
0.31380781531333923,1
0.20739717781543732,1
0.0794873982667923,1
0.024785617366433144,1
0.24712088704109192,1
0.35475945472717285,1
0.44433873891830444,1
0.08847877383232117,1
0.3942776918411255,1
0.342164546251297,1
0.06012078374624252,1
0.04114244878292084,1
0.024654490873217583,1
0.02638944238424301,1
0.027984708547592163,1
0.20829835534095764,1
0.5812994837760925,1
0.04030085727572441,1
0.02408496104180813,1
0.08189652860164642,1
0.08561454713344574,1
0.15185195207595825,1
0.32488900423049927,1
0.048760272562503815,1
0.14248183369636536,1
0.3262697756290436,1
1.0303678512573242,1
0.0276974905282259,1
1.9660699367523193,1
0.175735741853714,1
0.1993653029203415,1
0.1781766265630722,1
0.1300116330385208,1
0.06968618184328079,1
0.08359519392251968,1
0.60615074634552,1
0.4372637867927551,1
1.266797661781311,1
0.2839355766773224,1
0.06602372974157333,1
0.3324282467365265,1
0.10706143826246262,1
0.28732597827911377,1
0.7389014363288879,1
0.03999066352844238,1
0.12657269835472107,1
0.1280732899904251,1
0.1377200186252594,1
0.4963131546974182,1
0.42792198061943054,1
0.40191835165023804,1
0.12111622095108032,1
0.19994358718395233,1
0.23725378513336182,1
0.2631407380104065,1
0.1205453872680664,1
0.3387473225593567,1
0.14404961466789246,1
0.2543018162250519,1
0.12066484987735748,1
0.4698171317577362,1
0.17196321487426758,1
0.6949474215507507,1
0.4961908161640167,1
1.1665496826171875,1
0.2311754673719406,1
0.189568430185318,1
0.12601086497306824,1
1.3861292600631714,1
0.22137042880058289,1
0.1578962206840515,1
0.122248075902462,1
0.4061771035194397,1
0.3049014210700989,1
0.1871328204870224,1
0.056017279624938965,1
0.25165027379989624,1
0.1695546954870224,1
0.21998687088489532,1
0.15548989176750183,1
0.08988745510578156,1
0.09539613872766495,1
0.27711719274520874,1
0.37023991346359253,1
0.34957724809646606,1
0.7949779033660889,1
0.05059804767370224,1
0.6904559135437012,1
0.03972059488296509,1
0.19803927838802338,1
0.1651572287082672,1
0.6003835201263428,1
0.12131157517433167,1
0.17036443948745728,1
0.3888731598854065,1
0.12006349116563797,1
0.3694115877151489,1
0.22851163148880005,1
0.3534593880176544,1
0.1996799111366272,1
0.11246021836996078,1
0.18098464608192444,1
0.48966601490974426,1
0.10119105130434036,1
0.04147496446967125,1
0.0662602037191391,1
0.029098326340317726,1
0.044334687292575836,1
0.4374687671661377,1
0.0564136877655983,1
0.03994669392704964,1
0.13755619525909424,1
0.03348708897829056,1
0.07534246146678925,1
0.04996006190776825,1
0.22930948436260223,1
0.17569580674171448,1
0.3635174632072449,1
0.02932581678032875,1
0.46029189229011536,1
0.015703987330198288,1
0.2684238851070404,1
1.0057294368743896,1
0.24885568022727966,1
0.026346595957875252,1
0.2035851776599884,1
1.1843633651733398,1
0.17204371094703674,1
0.9484221339225769,1
1.0546727180480957,1
0.40384048223495483,1
0.49491775035858154,1
0.1695042997598648,1
0.861623227596283,1
0.7761586308479309,1
0.31251323223114014,1
0.0790214091539383,1
0.1933915764093399,1
0.13224147260189056,1
0.24832157790660858,1
0.17644885182380676,1
0.18687689304351807,1
0.3103815019130707,1
0.5668015480041504,1
0.06907107681035995,1
0.23810839653015137,1
1.243459701538086,1
0.18068981170654297,1
0.09056250751018524,1
0.3675091862678528,1
0.06656531244516373,1
0.1280745565891266,1
0.14745384454727173,1
0.37258464097976685,1
0.36696240305900574,1
0.3845096826553345,1
0.166826069355011,1
0.25661706924438477,1
0.2915682792663574,1
0.29138582944869995,1
0.1268218755722046,1
0.5968316793441772,1
0.603628933429718,1
0.2994595468044281,1
0.20705677568912506,1
0.07816006243228912,1
0.12325938045978546,1
0.06113887578248978,1
0.2622029781341553,1
0.09556660056114197,1
0.10528112947940826,1
0.06112638860940933,1
0.6776777505874634,1
0.02729492262005806,1
0.07780805230140686,1
0.04667969048023224,1
0.0439438670873642,1
0.3037862181663513,1
0.10855799913406372,1
0.2314469814300537,1
0.06517213582992554,1
0.40486153960227966,1
0.3579750061035156,1
0.13275402784347534,1
0.22236543893814087,1
0.06686563789844513,1
0.36064231395721436,1
1.0514594316482544,1
0.0563032329082489,1
0.007370548322796822,1
0.7409533262252808,1
0.9760882258415222,1
0.12916329503059387,1
0.2284287065267563,1
0.05229118466377258,1
0.4510602355003357,1
0.34087637066841125,1
0.10170908272266388,1
0.11804290860891342,1
0.42672067880630493,1
0.3227447271347046,1
0.3160032331943512,1
0.08830852806568146,1
0.1802511066198349,1
0.5916419625282288,1
0.2799708843231201,1
0.1642550230026245,1
0.06680753082036972,1
0.08328446000814438,1
0.06921906024217606,1
0.13271251320838928,1
0.1097821295261383,1
0.02906004711985588,1
0.05386079102754593,1
0.06897630542516708,1
0.0761445015668869,1
0.19052281975746155,1
0.39355647563934326,1
0.09025046974420547,1
0.02114301174879074,1
0.06720969080924988,1
0.0817374587059021,1
0.34113773703575134,1
1.990332007408142,1
0.26795631647109985,1
0.2312479317188263,1
0.0016761486185714602,1
0.07190941274166107,1
0.009592095389962196,1
0.10894404351711273,1
0.04160822927951813,1
0.01980230025947094,1
0.07315253466367722,1
0.03945993632078171,1
0.026776809245347977,1
0.6756232976913452,1
0.02076902985572815,1
0.04994126781821251,1
0.08112289011478424,1
0.0237960834056139,1
1.0026270151138306,1
0.026059379801154137,1
0.015337981283664703,1
1.4874566793441772,1
0.6478249430656433,1
0.0417509600520134,1
0.05590460076928139,1
0.0600169375538826,1
0.14420856535434723,1
0.054245270788669586,1
0.4652997851371765,1
0.10947098582983017,1
0.5339459180831909,1
0.06509128212928772,1
0.7633651494979858,1
0.07276586443185806,1
0.06875817477703094,1
4.252447605133057,1
0.12456606328487396,1
0.1775621771812439,1
0.11851251125335693,1
0.08542226254940033,1
0.7428579926490784,1
0.6756145358085632,1
0.2806805372238159,1
1.163336157798767,1
0.11842811852693558,1
0.10151474177837372,1
0.7168346047401428,1
0.3258803188800812,1
0.2502584755420685,1
0.09336592257022858,1
0.07585343718528748,1
0.08618936687707901,1
0.15689051151275635,1
0.6384026408195496,1
0.2506425678730011,1
0.4483470916748047,1
0.04853226989507675,1
0.5459701418876648,1
0.27070289850234985,1
0.07818613201379776,1
0.23003706336021423,1
0.0913054421544075,1
0.006881190929561853,1
0.46023160219192505,1
0.09118282794952393,1
0.04542964696884155,1
0.12012989073991776,1
0.6594513058662415,1
0.2233901470899582,1
0.04238256812095642,1
0.1365264654159546,1
0.5913571119308472,1
0.3881778120994568,1
0.04720911383628845,1
0.2328728586435318,1
0.028502358123660088,1
0.10926458239555359,1
0.17959246039390564,1
0.8748505115509033,1
0.21455496549606323,1
0.9739068746566772,1
0.32887184619903564,1
0.19197751581668854,1
0.14909452199935913,1
0.09833216667175293,1
0.29693537950515747,1
0.0487879179418087,1
0.14672091603279114,1
0.21866963803768158,1
0.04862872138619423,1
0.10163635015487671,1
0.21508510410785675,1
0.5354837775230408,1
0.09512606263160706,1
0.06539460271596909,1
0.054006658494472504,1
0.027264181524515152,1
0.16333559155464172,1
0.2305096536874771,1
0.1975005567073822,1
0.07777900248765945,1
0.013392719440162182,1
0.062120355665683746,1
0.1747092604637146,1
0.07376526296138763,1
0.020645061507821083,1
0.38795205950737,1
0.10761521756649017,1
0.07002057135105133,1
0.03040233626961708,1
1.1755660772323608,1
0.035616666078567505,1
0.07267523556947708,1
0.027133364230394363,1
0.005714979954063892,1
0.03598341345787048,1
0.27735209465026855,1
0.07695221155881882,1
0.03769868612289429,1
0.1219550147652626,1
0.028275437653064728,1
0.25749364495277405,1
0.04195546358823776,1
0.036122389137744904,1
0.16069041192531586,1
0.08248481154441833,1
0.2152215838432312,1
0.056888170540332794,1
0.2962639033794403,1
0.29098770022392273,1
0.10209411382675171,1
0.0778079405426979,1
0.10839363187551498,1
0.036227986216545105,1
0.596368134021759,1
0.03891448676586151,1
0.013111080043017864,1
0.04715106636285782,1
0.04926628991961479,1
0.6668382883071899,1
0.08519849926233292,1
0.06575406342744827,1
0.03344908729195595,1
0.010272163897752762,1
0.053908880800008774,1
0.021421456709504128,1
0.03645600378513336,1
0.5571714639663696,1
0.006218465510755777,1
0.17946341633796692,1
0.6902942061424255,1
0.01168812531977892,1
0.01568896695971489,1
0.012800678610801697,1
0.044941503554582596,1
0.015842927619814873,1
0.21594056487083435,1
0.30891188979148865,1
0.029475651681423187,1
0.05164887011051178,1
0.05086499825119972,1
0.16411904990673065,1
0.08709661662578583,1
1.6581101417541504,1
0.07575899362564087,1
0.1141626387834549,1
0.023902833461761475,1
0.10047782212495804,1
0.16601233184337616,1
0.46536627411842346,1
0.01512510422617197,1
0.20799492299556732,1
0.33046087622642517,1
0.005337474402040243,1
0.14239542186260223,1
0.0433133989572525,1
0.05864338204264641,1
0.13717395067214966,1
0.055670954287052155,1
0.012530744075775146,1
0.04171893373131752,1
0.12335207313299179,1
0.04712177440524101,1
0.14697885513305664,1
0.24205130338668823,1
0.5557842254638672,1
0.1231817677617073,1
0.03614792227745056,1
0.3803359270095825,1
0.011568290181457996,1
0.07423827797174454,1
0.8451154232025146,1
0.11296610534191132,1
0.13557469844818115,1
0.11052976548671722,1
0.01675368659198284,1
0.3754309415817261,1
0.6363539695739746,1
0.06160598248243332,1
0.02720615640282631,1
0.3248600661754608,1
0.17270353436470032,1
0.07332000136375427,1
0.0722891092300415,1
0.23969149589538574,1
0.03036116063594818,1
0.2699750065803528,1
1.0182708501815796,1
0.12020155042409897,1
0.0684179812669754,1
0.051248662173748016,1
0.6879733800888062,1
0.07579107582569122,1
0.23566097021102905,1
0.044646378606557846,1
0.336012601852417,1
0.06338638812303543,1
0.11460135877132416,1
0.5898654460906982,1
0.18709374964237213,1
0.9180759191513062,1
0.15150640904903412,1
0.057102326303720474,1
0.059522680938243866,1
0.29181626439094543,1
0.03943881765007973,1
0.08610498905181885,1
0.02436545491218567,1
0.14916199445724487,1
0.2647324800491333,1
0.1536056250333786,1
0.008142181672155857,1
0.32522526383399963,1
0.5059872269630432,1
0.16147588193416595,1
0.07844407111406326,1
0.15134656429290771,1
0.05329454690217972,1
0.04277520999312401,1
0.0475308783352375,1
0.029820920899510384,1
0.024450164288282394,1
0.048008956015110016,1
0.7065503001213074,1
1.0715018510818481,1
0.20758618414402008,1
0.03240344300866127,1
1.020587682723999,1
0.04076972231268883,1
0.6001265645027161,1
0.16574378311634064,1
1.05558180809021,1
0.07812448590993881,1
0.14213822782039642,1
0.11734195053577423,1
0.13123252987861633,1
0.053083475679159164,1
0.08340471982955933,1
0.33801060914993286,1
0.23676766455173492,1
0.16090336441993713,1
0.14192813634872437,1
0.09761261940002441,1
0.0697273537516594,1
0.17975006997585297,1
0.09923999011516571,1
0.8743170499801636,1
0.14469656348228455,1
0.09854438155889511,1
0.12933096289634705,1
0.291337251663208,1
0.12028753757476807,1
0.9528130292892456,1
1.2141680717468262,1
0.03533674404025078,1
0.05972110107541084,1
0.4048502445220947,1
0.031821299344301224,1
0.023952051997184753,1
1.1242042779922485,1
0.009865563362836838,1
0.17015273869037628,1
0.06403010338544846,1
0.03398794308304787,1
0.11465507000684738,1
1.223455786705017,1
0.15705078840255737,1
0.36076590418815613,1
0.043938443064689636,1
0.11621291190385818,1
0.07462430000305176,1
0.0635286420583725,1
0.15919263660907745,1
0.0783107653260231,1
0.027022462338209152,1
0.11964008212089539,1
0.7048357725143433,1
0.05839679390192032,1
0.08337125927209854,1
0.07803639769554138,1
0.021254463121294975,1
0.10431724041700363,1
0.5995934009552002,1
0.44662144780158997,1
0.0668359100818634,1
0.05182048678398132,1
0.40918439626693726,1
0.11594177037477493,1
0.08083650469779968,1
0.1009669154882431,1
0.1131601631641388,1
0.05916708707809448,1
0.1387317180633545,1
0.06628082692623138,1
0.09051606804132462,1
0.3854192793369293,1
0.02964879758656025,1
0.04314554110169411,1
0.05530200153589249,1
0.017270777374505997,1
0.263131320476532,1
0.07414618879556656,1
0.04762351140379906,1
1.414435625076294,1
0.45442453026771545,1
0.5913922786712646,1
0.006945179309695959,1
0.01564738154411316,1
0.2522960305213928,1
0.6886681318283081,1
0.24706438183784485,1
0.6669930219650269,1
0.050010815262794495,1
0.094367615878582,1
0.09676511585712433,1
0.9776918292045593,1
0.40149298310279846,1
0.043536677956581116,1
0.37094658613204956,1
0.07321377098560333,1
0.060369931161403656,1
0.18655294179916382,1
0.07459215074777603,1
0.023076865822076797,1
0.08298792690038681,1
0.17299503087997437,1
1.5348107814788818,1
0.09868316352367401,1
0.09236255288124084,1
0.25775468349456787,1
0.023974303156137466,1
0.04030319303274155,1
0.19746944308280945,1
0.075063556432724,1
0.15742330253124237,1
0.16318340599536896,1
0.07592721283435822,1
0.1298546940088272,1
0.9409831762313843,1
0.033506594598293304,1
0.09278040379285812,1
0.17786772549152374,1
0.05033710226416588,1
0.033781953155994415,1
1.2190519571304321,1
0.10988244414329529,1
0.011648092418909073,1
0.13446353375911713,1
0.27510136365890503,1
1.026747465133667,1
0.4882889986038208,1
0.09057547152042389,1
0.015668869018554688,1
0.11267377436161041,1
0.06017940491437912,1
0.06075989454984665,1
0.5496057868003845,1
0.7737584710121155,1
0.056491777300834656,1
0.10913591086864471,1
0.16445867717266083,1
0.24655967950820923,1
0.6703721880912781,1
0.3081037402153015,1
0.09431366622447968,1
0.15588146448135376,1
0.12573668360710144,1
0.3954671621322632,1
0.13470138609409332,1
0.029887430369853973,1
0.050124913454055786,1
0.03160712495446205,1
0.2605375647544861,1
0.2973442077636719,1
0.048738814890384674,1
0.9665315747261047,1
0.07345248013734818,1
0.1011815220117569,1
0.2630782127380371,1
0.2363351583480835,1
0.52127605676651,1
0.6151126623153687,1
0.22730281949043274,1
0.046642325818538666,1
0.17429612576961517,1
0.26641589403152466,1
0.23672185838222504,1
0.18224705755710602,1
0.061881087720394135,1
0.1216181218624115,1
0.21373921632766724,1
0.07436247169971466,1
0.061465002596378326,1
1.1892846822738647,1
0.22829250991344452,1
0.04823199659585953,1
0.06102953851222992,1
0.5130584239959717,1
0.06775510311126709,1
1.318952202796936,1
0.076299749314785,1
0.09870605170726776,1
0.023049019277095795,1
0.5509305000305176,1
0.10869277268648148,1
0.0463547557592392,1
0.005404725205153227,1
0.06603728979825974,1
0.4877156615257263,1
0.240886852145195,1
0.20555850863456726,1
0.3016580641269684,1
0.18629036843776703,1
0.15285760164260864,1
0.0297243632376194,1
0.1154283732175827,1
0.0605488047003746,1
0.10117539763450623,1
0.055623285472393036,1
0.18186266720294952,1
0.018482407554984093,1
0.042712293565273285,1
0.06505142897367477,1
0.18883836269378662,1
0.2512208819389343,1
0.12565231323242188,1
0.02547396719455719,1
0.009472545236349106,1
0.6253030300140381,1
0.17596971988677979,1
0.09395460039377213,1
0.041120998561382294,1
0.1779126077890396,1
0.14190712571144104,1
0.2515312731266022,1
0.03110795095562935,1
0.018684664741158485,1
2.7029240131378174,1
0.6801308393478394,1
0.43993401527404785,1
0.26053404808044434,1
0.14268429577350616,1
0.2465471476316452,1
0.0344715379178524,1
0.18134170770645142,1
0.11237189918756485,1
0.0946519672870636,1
0.21022389829158783,1
0.32231876254081726,1
0.0941997691988945,1
0.05885718762874603,1
0.0701441541314125,1
0.04839871823787689,1
0.010064618661999702,1
0.4317356050014496,1
0.06985021382570267,1
0.18655914068222046,1
0.055617570877075195,1
0.3556302487850189,1
0.018133722245693207,1
0.16995468735694885,1
0.026590028777718544,1
0.22268444299697876,1
0.1252908706665039,1
0.10372593253850937,1
0.08216215670108795,1
0.0919496938586235,1
0.23038485646247864,1
0.253804087638855,1
0.13665880262851715,1
0.13681620359420776,1
0.05451194569468498,1
0.13135427236557007,1
0.005800669081509113,1
0.13817159831523895,1
0.25135353207588196,1
0.1294931173324585,1
0.2085379958152771,1
0.06567072123289108,1
0.5433728694915771,1
0.05127803236246109,1
0.4094809889793396,1
0.026406893506646156,1
0.38395851850509644,1
0.01001794170588255,1
0.012042924761772156,1
0.1648111194372177,1
0.048578761518001556,1
0.02019684761762619,1
0.7417851090431213,1
0.03412846103310585,1
0.09955334663391113,1
0.018903961405158043,1
0.1802968978881836,1
0.05251655355095863,1
0.2703688442707062,1
0.08506672084331512,1
0.24901656806468964,1
0.0866113156080246,1
0.12159465253353119,1
0.01392413955181837,1
0.06367351859807968,1
0.040103573352098465,1
1.5470613241195679,1
0.03659019619226456,1
0.03323805332183838,1
0.014758609235286713,1
0.015633806586265564,1
0.06456546485424042,1
0.15208736062049866,1
0.04158240929245949,1
1.0772346258163452,1
0.8518968820571899,1
0.03738824650645256,1
0.289462685585022,1
0.020953310653567314,1
0.44414836168289185,1
0.11989771574735641,1
0.11990252882242203,1
1.1466593742370605,1
0.1323745846748352,1
0.21432799100875854,1
0.5497226119041443,1
1.6612119674682617,1
0.08614835888147354,1
0.21136802434921265,1
0.1709222048521042,1
0.10567700117826462,1
0.06857447326183319,1
0.0454314649105072,1
0.1682666838169098,1
0.5794118642807007,1
0.14045722782611847,1
0.10833874344825745,1
4.167208194732666,1
0.30151498317718506,1
0.1796405017375946,1
0.4195210635662079,1
0.01108282059431076,1
0.10251310467720032,1
0.08466385304927826,1
1.2144198417663574,1
0.26803165674209595,1
0.3136361539363861,1
0.7174898386001587,1
0.15485335886478424,1
0.2780224680900574,1
0.1520124077796936,1
0.16635474562644958,1
0.046991463750600815,1
0.11348704993724823,1
0.27635443210601807,1
1.5394744873046875,1
0.7569072246551514,1
0.3007560670375824,1
1.726269245147705,1
0.6038466691970825,1
0.48622551560401917,1
0.23940791189670563,1
0.1904333531856537,1
0.6905496120452881,1
0.30065223574638367,1
0.34985700249671936,1
0.09263031929731369,1
0.2486056238412857,1
0.29991501569747925,1
0.28478333353996277,1
0.2082667499780655,1
